<?xml version="1.0" encoding="UTF-8"?>
<!-- Generated by org.testng.reporters.JUnitReportReporter -->
<testsuite hostname="DESKTOP-G0OK52U" failures="0" tests="4" name="tests.LoginTest" time="4.158" errors="0" timestamp="2022-04-27T07:41:23 IST" skipped="0">
  <testcase classname="tests.LoginTest" name="verifyAppTitle" time="0.015"/>
  <system-out/>
  <testcase classname="tests.LoginTest" name="verifyforgotPassword" time="0.097"/>
  <system-out/>
  <testcase classname="tests.LoginTest" name="verifyLoginWithValidUserdetails" time="4.045"/>
  <system-out/>
  <testcase classname="tests.LoginTest" name="verifyLogout" time="0.001"/>
  <system-out/>
</testsuite> <!-- tests.LoginTest -->
