<?xml version="1.0" encoding="UTF-8"?>
<!-- Generated by org.testng.reporters.JUnitReportReporter -->
<testsuite hostname="DESKTOP-G0OK52U" failures="0" tests="1" name="actionExample.DragDropExample" time="0.474" errors="0" timestamp="2022-04-27T05:54:55 IST" skipped="0">
  <testcase classname="actionExample.DragDropExample" name="dragDropTest2" time="0.474"/>
  <system-out/>
</testsuite> <!-- actionExample.DragDropExample -->
