<?xml version="1.0" encoding="UTF-8"?>
<!-- Generated by org.testng.reporters.JUnitReportReporter -->
<testsuite hostname="DESKTOP-G0OK52U" failures="0" tests="4" name="tests.LoginTest" time="4.391" errors="0" timestamp="2022-04-27T08:01:26 IST" skipped="0">
  <testcase classname="tests.LoginTest" name="verifyAppTitle" time="0.010"/>
  <system-out/>
  <testcase classname="tests.LoginTest" name="verifyforgotPassword" time="0.118"/>
  <system-out/>
  <testcase classname="tests.LoginTest" name="verifyLoginWithValidUserdetails" time="4.263"/>
  <system-out/>
  <testcase classname="tests.LoginTest" name="verifyLogout" time="0.000"/>
  <system-out/>
</testsuite> <!-- tests.LoginTest -->
